<?xml version="1.0" encoding="UTF-8"?>
<!-- Generated by org.testng.reporters.JUnitXMLReporter -->
<testsuite hostname="LAPTOP-DPSP9O8F" ignored="0" name="GoRest Automation FrameWork" tests="2" failures="0" timestamp="16 May 2020 10:31:53 GMT" time="4.296" errors="0">
  <testcase name="verifyMessageIsNotNull" time="3.829" classname="com.qa.gorest.RestDevelopment.GoRestUsers"/>
  <testcase name="verifyValidResponseCode" time="0.418" classname="com.qa.gorest.RestDevelopment.GoRestUsers"/>
</testsuite> <!-- GoRest Automation FrameWork -->
