<?xml version="1.0" encoding="UTF-8"?>
<!-- Generated by org.testng.reporters.JUnitXMLReporter -->
<testsuite hostname="LAPTOP-DPSP9O8F" ignored="0" name="GoRest Automation FrameWork" tests="2" failures="0" timestamp="16 May 2020 10:33:35 GMT" time="4.249" errors="0">
  <testcase name="verifyMessageIsNotNull" time="3.781" classname="com.qa.gorest.RestDevelopment.GoRestUsers"/>
  <testcase name="verifyValidResponseCode" time="0.421" classname="com.qa.gorest.RestDevelopment.GoRestUsers"/>
</testsuite> <!-- GoRest Automation FrameWork -->
