<?xml version="1.0" encoding="UTF-8"?>
<testng-results skipped="0" failed="0" ignored="0" total="1" passed="1">
  <reporter-output>
  </reporter-output>
  <suite name="Default suite" duration-ms="4919" started-at="2020-05-17T13:44:26Z" finished-at="2020-05-17T13:44:31Z">
    <groups>
    </groups>
    <test name="Default test" duration-ms="4919" started-at="2020-05-17T13:44:26Z" finished-at="2020-05-17T13:44:31Z">
      <class name="com.qa.gorest.RestDevelopment.TC001_ValidateResponseCode">
        <test-method status="PASS" signature="setUp()[pri:0, instance:com.qa.gorest.RestDevelopment.TC001_ValidateResponseCode@50687efb]" name="setUp" is-config="true" duration-ms="30" started-at="2020-05-17T13:44:26Z" finished-at="2020-05-17T13:44:27Z">
          <reporter-output>
          </reporter-output>
        </test-method> <!-- setUp -->
        <test-method status="PASS" signature="verifyStatusCode()[pri:0, instance:com.qa.gorest.RestDevelopment.TC001_ValidateResponseCode@50687efb]" name="verifyStatusCode" duration-ms="4642" started-at="2020-05-17T13:44:27Z" finished-at="2020-05-17T13:44:31Z">
          <reporter-output>
          </reporter-output>
        </test-method> <!-- verifyStatusCode -->
      </class> <!-- com.qa.gorest.RestDevelopment.TC001_ValidateResponseCode -->
    </test> <!-- Default test -->
  </suite> <!-- Default suite -->
</testng-results>
